2024-01-07 16:33:50 DEBUG:busco.run_BUSCO	Command line: /opt/conda/bin/busco -f --cpu 16 -i working/proteomes/GCA_012027475.1.faa --mode proteins --lineage_dataset enterobacterales_odb10 --download_path working/bmetrics/db/ --out_path working/bmetrics/ --out GCA_012027475.1
2024-01-07 16:33:50 INFO:busco.run_BUSCO	***** Start a BUSCO v5.4.0 analysis, current time: 01/07/2024 16:33:50 *****
2024-01-07 16:33:50 DEBUG:busco.ConfigManager	Getting config file
2024-01-07 16:33:50 INFO:busco.ConfigManager	Configuring BUSCO with local environment
2024-01-07 16:33:50 INFO:busco.BuscoConfig	Mode is proteins
2024-01-07 16:33:50 INFO:busco.BuscoDownloadManager	Downloading information on latest versions of BUSCO data...
2024-01-07 16:33:52 DEBUG:busco.BuscoConfig	State of BUSCO config before run:
2024-01-07 16:33:52 DEBUG:busco.BuscoConfig	{'_allow_no_value': False,
 '_comment_prefixes': ('#', ';'),
 '_converters': <configparser.ConverterMapping object at 0x7f1d74a43520>,
 '_defaults': {},
 '_delimiters': ('=', ':'),
 '_dict': <class 'dict'>,
 '_empty_lines_in_values': True,
 '_inline_comment_prefixes': (),
 '_input_filepath': '/home/jovyan/work/working/proteomes/GCA_012027475.1.faa',
 '_interpolation': <configparser.BasicInterpolation object at 0x7f1fd66a6490>,
 '_mode': 'proteins',
 '_optcre': re.compile('\n        (?P<option>.*?)                    # very permissive!\n        \\s*(?P<vi>=|:)\\s*              # any number of space/tab,\n                                           # followed by any of t, re.VERBOSE),
 '_proxies': {'DEFAULT': <Section: DEFAULT>,
              'augustus': <Section: augustus>,
              'bbtools': <Section: bbtools>,
              'busco_run': <Section: busco_run>,
              'etraining': <Section: etraining>,
              'gff2gbSmallDNA.pl': <Section: gff2gbSmallDNA.pl>,
              'hmmsearch': <Section: hmmsearch>,
              'makeblastdb': <Section: makeblastdb>,
              'metaeuk': <Section: metaeuk>,
              'new_species.pl': <Section: new_species.pl>,
              'optimize_augustus.pl': <Section: optimize_augustus.pl>,
              'prodigal': <Section: prodigal>,
              'sepp': <Section: sepp>,
              'tblastn': <Section: tblastn>},
 '_sections': {'augustus': {'command': '', 'path': ''},
               'bbtools': {'command': '', 'path': ''},
               'busco_run': {'auto-lineage': 'False',
                             'auto-lineage-euk': 'False',
                             'auto-lineage-prok': 'False',
                             'batch_mode': 'False',
                             'cpu': '16',
                             'datasets_version': 'odb10',
                             'download_base_url': 'https://busco-data.ezlab.org/v5/data/',
                             'download_path': '/home/jovyan/work/working/bmetrics/db',
                             'force': 'True',
                             'in': '/home/jovyan/work/working/proteomes/GCA_012027475.1.faa',
                             'lineage_dataset': 'enterobacterales_odb10',
                             'main_out': '/home/jovyan/work/working/bmetrics/GCA_012027475.1',
                             'mode': 'proteins',
                             'offline': 'False',
                             'out': 'GCA_012027475.1',
                             'out_path': '/home/jovyan/work/working/bmetrics',
                             'quiet': 'False',
                             'restart': 'False',
                             'tar': 'False',
                             'update-data': 'False',
                             'use_augustus': 'False'},
               'etraining': {'command': '', 'path': ''},
               'gff2gbSmallDNA.pl': {'command': '', 'path': ''},
               'hmmsearch': {'command': '', 'path': ''},
               'makeblastdb': {'command': '', 'path': ''},
               'metaeuk': {'command': '', 'path': ''},
               'new_species.pl': {'command': '', 'path': ''},
               'optimize_augustus.pl': {'command': '', 'path': ''},
               'prodigal': {'command': '', 'path': ''},
               'sepp': {'command': '', 'path': ''},
               'tblastn': {'command': '', 'path': ''}},
 '_strict': True,
 'conf_file': 'local environment',
 'default_section': 'DEFAULT',
 'downloader': <busco.BuscoDownloadManager.BuscoDownloadManager object at 0x7f1d74a3bf40>,
 'main_out': '/home/jovyan/work/working/bmetrics/GCA_012027475.1',
 'params': {'augustus_parameters': None,
            'augustus_species': None,
            'auto-lineage': False,
            'auto-lineage-euk': False,
            'auto-lineage-prok': False,
            'config_file': None,
            'contig_break': None,
            'cpu': 16,
            'datasets_version': None,
            'download': '==SUPPRESS==',
            'download_base_url': None,
            'download_path': 'working/bmetrics/db/',
            'evalue': None,
            'force': True,
            'help': '==SUPPRESS==',
            'in': 'working/proteomes/GCA_012027475.1.faa',
            'limit': None,
            'lineage_dataset': 'enterobacterales_odb10',
            'list_datasets': '==SUPPRESS==',
            'long': False,
            'metaeuk_parameters': None,
            'metaeuk_rerun_parameters': None,
            'mode': 'proteins',
            'offline': False,
            'out': 'GCA_012027475.1',
            'out_path': 'working/bmetrics/',
            'quiet': False,
            'restart': False,
            'scaffold_composition': False,
            'tar': False,
            'update-data': False,
            'use_augustus': False,
            'version': '==SUPPRESS=='}}
2024-01-07 16:33:52 INFO:busco.BuscoRunner	Input file is /home/jovyan/work/working/proteomes/GCA_012027475.1.faa
2024-01-07 16:33:52 DEBUG:busco.analysis.BuscoAnalysis	Check all required tools are accessible...
2024-01-07 16:33:52 DEBUG:busco.analysis.BuscoAnalysis	Checking dataset for HMM profiles
2024-01-07 16:33:52 INFO:busco.analysis.BuscoAnalysis	Running BUSCO using lineage dataset enterobacterales_odb10 (prokaryota, 2021-02-23)
2024-01-07 16:33:52 INFO:busco.analysis.BuscoAnalysis	***** Run HMMER on gene sequences *****
2024-01-07 16:33:52 DEBUG:busco.busco_tools.base	Tool: hmmsearch
2024-01-07 16:33:52 DEBUG:busco.busco_tools.base	Version: 3.1
2024-01-07 16:33:52 INFO:busco.busco_tools.Toolset	Running 440 job(s) on hmmsearch, starting at 01/07/2024 16:33:52
2024-01-07 16:33:53 DEBUG:busco.busco_tools.Toolset	cmd call: hmmsearch --domtblout /home/jovyan/work/working/bmetrics/GCA_012027475.1/run_enterobacterales_odb10/hmmer_output/10523at91347.out --cpu 1 /home/jovyan/work/working/bmetrics/db/lineages/enterobacterales_odb10/hmms/10523at91347.hmm /home/jovyan/work/working/proteomes/GCA_012027475.1.faa
2024-01-07 16:33:53 DEBUG:busco.busco_tools.Toolset	cmd call: hmmsearch --domtblout /home/jovyan/work/working/bmetrics/GCA_012027475.1/run_enterobacterales_odb10/hmmer_output/12072at91347.out --cpu 1 /home/jovyan/work/working/bmetrics/db/lineages/enterobacterales_odb10/hmms/12072at91347.hmm /home/jovyan/work/working/proteomes/GCA_012027475.1.faa
2024-01-07 16:33:53 DEBUG:busco.busco_tools.Toolset	cmd call: hmmsearch --domtblout /home/jovyan/work/working/bmetrics/GCA_012027475.1/run_enterobacterales_odb10/hmmer_output/13089at91347.out --cpu 1 /home/jovyan/work/working/bmetrics/db/lineages/enterobacterales_odb10/hmms/13089at91347.hmm /home/jovyan/work/working/proteomes/GCA_012027475.1.faa
2024-01-07 16:33:53 DEBUG:busco.busco_tools.Toolset	cmd call: hmmsearch --domtblout /home/jovyan/work/working/bmetrics/GCA_012027475.1/run_enterobacterales_odb10/hmmer_output/12374at91347.out --cpu 1 /home/jovyan/work/working/bmetrics/db/lineages/enterobacterales_odb10/hmms/12374at91347.hmm /home/jovyan/work/working/proteomes/GCA_012027475.1.faa
2024-01-07 16:33:53 DEBUG:busco.busco_tools.Toolset	cmd call: hmmsearch --domtblout /home/jovyan/work/working/bmetrics/GCA_012027475.1/run_enterobacterales_odb10/hmmer_output/10905at91347.out --cpu 1 /home/jovyan/work/working/bmetrics/db/lineages/enterobacterales_odb10/hmms/10905at91347.hmm /home/jovyan/work/working/proteomes/GCA_012027475.1.faa
2024-01-07 16:33:53 DEBUG:busco.busco_tools.Toolset	cmd call: hmmsearch --domtblout /home/jovyan/work/working/bmetrics/GCA_012027475.1/run_enterobacterales_odb10/hmmer_output/13521at91347.out --cpu 1 /home/jovyan/work/working/bmetrics/db/lineages/enterobacterales_odb10/hmms/13521at91347.hmm /home/jovyan/work/working/proteomes/GCA_012027475.1.faa
2024-01-07 16:33:53 DEBUG:busco.busco_tools.Toolset	cmd call: hmmsearch --domtblout /home/jovyan/work/working/bmetrics/GCA_012027475.1/run_enterobacterales_odb10/hmmer_output/12745at91347.out --cpu 1 /home/jovyan/work/working/bmetrics/db/lineages/enterobacterales_odb10/hmms/12745at91347.hmm /home/jovyan/work/working/proteomes/GCA_012027475.1.faa
2024-01-07 16:33:53 DEBUG:busco.busco_tools.Toolset	cmd call: hmmsearch --domtblout /home/jovyan/work/working/bmetrics/GCA_012027475.1/run_enterobacterales_odb10/hmmer_output/11158at91347.out --cpu 1 /home/jovyan/work/working/bmetrics/db/lineages/enterobacterales_odb10/hmms/11158at91347.hmm /home/jovyan/work/working/proteomes/GCA_012027475.1.faa
2024-01-07 16:33:53 DEBUG:busco.busco_tools.Toolset	cmd call: hmmsearch --domtblout /home/jovyan/work/working/bmetrics/GCA_012027475.1/run_enterobacterales_odb10/hmmer_output/13589at91347.out --cpu 1 /home/jovyan/work/working/bmetrics/db/lineages/enterobacterales_odb10/hmms/13589at91347.hmm /home/jovyan/work/working/proteomes/GCA_012027475.1.faa
2024-01-07 16:33:54 DEBUG:busco.busco_tools.Toolset	cmd call: hmmsearch --domtblout /home/jovyan/work/working/bmetrics/GCA_012027475.1/run_enterobacterales_odb10/hmmer_output/15960at91347.out --cpu 1 /home/jovyan/work/working/bmetrics/db/lineages/enterobacterales_odb10/hmms/15960at91347.hmm /home/jovyan/work/working/proteomes/GCA_012027475.1.faa
2024-01-07 16:33:54 DEBUG:busco.busco_tools.Toolset	cmd call: hmmsearch --domtblout /home/jovyan/work/working/bmetrics/GCA_012027475.1/run_enterobacterales_odb10/hmmer_output/17608at91347.out --cpu 1 /home/jovyan/work/working/bmetrics/db/lineages/enterobacterales_odb10/hmms/17608at91347.hmm /home/jovyan/work/working/proteomes/GCA_012027475.1.faa
2024-01-07 16:33:54 DEBUG:busco.busco_tools.Toolset	cmd call: hmmsearch --domtblout /home/jovyan/work/working/bmetrics/GCA_012027475.1/run_enterobacterales_odb10/hmmer_output/18659at91347.out --cpu 1 /home/jovyan/work/working/bmetrics/db/lineages/enterobacterales_odb10/hmms/18659at91347.hmm /home/jovyan/work/working/proteomes/GCA_012027475.1.faa
2024-01-07 16:33:54 DEBUG:busco.busco_tools.Toolset	cmd call: hmmsearch --domtblout /home/jovyan/work/working/bmetrics/GCA_012027475.1/run_enterobacterales_odb10/hmmer_output/19608at91347.out --cpu 1 /home/jovyan/work/working/bmetrics/db/lineages/enterobacterales_odb10/hmms/19608at91347.hmm /home/jovyan/work/working/proteomes/GCA_012027475.1.faa
2024-01-07 16:33:54 DEBUG:busco.busco_tools.Toolset	cmd call: hmmsearch --domtblout /home/jovyan/work/working/bmetrics/GCA_012027475.1/run_enterobacterales_odb10/hmmer_output/2121at91347.out --cpu 1 /home/jovyan/work/working/bmetrics/db/lineages/enterobacterales_odb10/hmms/2121at91347.hmm /home/jovyan/work/working/proteomes/GCA_012027475.1.faa
2024-01-07 16:33:54 DEBUG:busco.busco_tools.Toolset	cmd call: hmmsearch --domtblout /home/jovyan/work/working/bmetrics/GCA_012027475.1/run_enterobacterales_odb10/hmmer_output/22268at91347.out --cpu 1 /home/jovyan/work/working/bmetrics/db/lineages/enterobacterales_odb10/hmms/22268at91347.hmm /home/jovyan/work/working/proteomes/GCA_012027475.1.faa
2024-01-07 16:33:54 DEBUG:busco.busco_tools.Toolset	cmd call: hmmsearch --domtblout /home/jovyan/work/working/bmetrics/GCA_012027475.1/run_enterobacterales_odb10/hmmer_output/13669at91347.out --cpu 1 /home/jovyan/work/working/bmetrics/db/lineages/enterobacterales_odb10/hmms/13669at91347.hmm /home/jovyan/work/working/proteomes/GCA_012027475.1.faa
2024-01-07 16:33:54 DEBUG:busco.busco_tools.Toolset	cmd call: hmmsearch --domtblout /home/jovyan/work/working/bmetrics/GCA_012027475.1/run_enterobacterales_odb10/hmmer_output/12922at91347.out --cpu 1 /home/jovyan/work/working/bmetrics/db/lineages/enterobacterales_odb10/hmms/12922at91347.hmm /home/jovyan/work/working/proteomes/GCA_012027475.1.faa
2024-01-07 16:33:54 DEBUG:busco.busco_tools.Toolset	cmd call: hmmsearch --domtblout /home/jovyan/work/working/bmetrics/GCA_012027475.1/run_enterobacterales_odb10/hmmer_output/24168at91347.out --cpu 1 /home/jovyan/work/working/bmetrics/db/lineages/enterobacterales_odb10/hmms/24168at91347.hmm /home/jovyan/work/working/proteomes/GCA_012027475.1.faa
2024-01-07 16:33:54 DEBUG:busco.busco_tools.Toolset	cmd call: hmmsearch --domtblout /home/jovyan/work/working/bmetrics/GCA_012027475.1/run_enterobacterales_odb10/hmmer_output/2659at91347.out --cpu 1 /home/jovyan/work/working/bmetrics/db/lineages/enterobacterales_odb10/hmms/2659at91347.hmm /home/jovyan/work/working/proteomes/GCA_012027475.1.faa
2024-01-07 16:33:54 DEBUG:busco.busco_tools.Toolset	cmd call: hmmsearch --domtblout /home/jovyan/work/working/bmetrics/GCA_012027475.1/run_enterobacterales_odb10/hmmer_output/28109at91347.out --cpu 1 /home/jovyan/work/working/bmetrics/db/lineages/enterobacterales_odb10/hmms/28109at91347.hmm /home/jovyan/work/working/proteomes/GCA_012027475.1.faa
2024-01-07 16:33:54 DEBUG:busco.busco_tools.Toolset	cmd call: hmmsearch --domtblout /home/jovyan/work/working/bmetrics/GCA_012027475.1/run_enterobacterales_odb10/hmmer_output/11276at91347.out --cpu 1 /home/jovyan/work/working/bmetrics/db/lineages/enterobacterales_odb10/hmms/11276at91347.hmm /home/jovyan/work/working/proteomes/GCA_012027475.1.faa
2024-01-07 16:33:54 DEBUG:busco.busco_tools.Toolset	cmd call: hmmsearch --domtblout /home/jovyan/work/working/bmetrics/GCA_012027475.1/run_enterobacterales_odb10/hmmer_output/3039at91347.out --cpu 1 /home/jovyan/work/working/bmetrics/db/lineages/enterobacterales_odb10/hmms/3039at91347.hmm /home/jovyan/work/working/proteomes/GCA_012027475.1.faa
2024-01-07 16:33:54 DEBUG:busco.busco_tools.Toolset	cmd call: hmmsearch --domtblout /home/jovyan/work/working/bmetrics/GCA_012027475.1/run_enterobacterales_odb10/hmmer_output/31386at91347.out --cpu 1 /home/jovyan/work/working/bmetrics/db/lineages/enterobacterales_odb10/hmms/31386at91347.hmm /home/jovyan/work/working/proteomes/GCA_012027475.1.faa
2024-01-07 16:33:54 DEBUG:busco.busco_tools.Toolset	cmd call: hmmsearch --domtblout /home/jovyan/work/working/bmetrics/GCA_012027475.1/run_enterobacterales_odb10/hmmer_output/32744at91347.out --cpu 1 /home/jovyan/work/working/bmetrics/db/lineages/enterobacterales_odb10/hmms/32744at91347.hmm /home/jovyan/work/working/proteomes/GCA_012027475.1.faa
2024-01-07 16:33:54 DEBUG:busco.busco_tools.Toolset	cmd call: hmmsearch --domtblout /home/jovyan/work/working/bmetrics/GCA_012027475.1/run_enterobacterales_odb10/hmmer_output/35495at91347.out --cpu 1 /home/jovyan/work/working/bmetrics/db/lineages/enterobacterales_odb10/hmms/35495at91347.hmm /home/jovyan/work/working/proteomes/GCA_012027475.1.faa
2024-01-07 16:33:54 DEBUG:busco.busco_tools.Toolset	cmd call: hmmsearch --domtblout /home/jovyan/work/working/bmetrics/GCA_012027475.1/run_enterobacterales_odb10/hmmer_output/1674at91347.out --cpu 1 /home/jovyan/work/working/bmetrics/db/lineages/enterobacterales_odb10/hmms/1674at91347.hmm /home/jovyan/work/working/proteomes/GCA_012027475.1.faa
2024-01-07 16:33:54 DEBUG:busco.busco_tools.Toolset	cmd call: hmmsearch --domtblout /home/jovyan/work/working/bmetrics/GCA_012027475.1/run_enterobacterales_odb10/hmmer_output/33151at91347.out --cpu 1 /home/jovyan/work/working/bmetrics/db/lineages/enterobacterales_odb10/hmms/33151at91347.hmm /home/jovyan/work/working/proteomes/GCA_012027475.1.faa
2024-01-07 16:33:54 DEBUG:busco.busco_tools.Toolset	cmd call: hmmsearch --domtblout /home/jovyan/work/working/bmetrics/GCA_012027475.1/run_enterobacterales_odb10/hmmer_output/31545at91347.out --cpu 1 /home/jovyan/work/working/bmetrics/db/lineages/enterobacterales_odb10/hmms/31545at91347.hmm /home/jovyan/work/working/proteomes/GCA_012027475.1.faa
2024-01-07 16:33:54 DEBUG:busco.busco_tools.Toolset	cmd call: hmmsearch --domtblout /home/jovyan/work/working/bmetrics/GCA_012027475.1/run_enterobacterales_odb10/hmmer_output/18707at91347.out --cpu 1 /home/jovyan/work/working/bmetrics/db/lineages/enterobacterales_odb10/hmms/18707at91347.hmm /home/jovyan/work/working/proteomes/GCA_012027475.1.faa
2024-01-07 16:33:54 DEBUG:busco.busco_tools.Toolset	cmd call: hmmsearch --domtblout /home/jovyan/work/working/bmetrics/GCA_012027475.1/run_enterobacterales_odb10/hmmer_output/29283at91347.out --cpu 1 /home/jovyan/work/working/bmetrics/db/lineages/enterobacterales_odb10/hmms/29283at91347.hmm /home/jovyan/work/working/proteomes/GCA_012027475.1.faa
2024-01-07 16:33:54 DEBUG:busco.busco_tools.Toolset	cmd call: hmmsearch --domtblout /home/jovyan/work/working/bmetrics/GCA_012027475.1/run_enterobacterales_odb10/hmmer_output/22626at91347.out --cpu 1 /home/jovyan/work/working/bmetrics/db/lineages/enterobacterales_odb10/hmms/22626at91347.hmm /home/jovyan/work/working/proteomes/GCA_012027475.1.faa
2024-01-07 16:33:54 DEBUG:busco.busco_tools.Toolset	cmd call: hmmsearch --domtblout /home/jovyan/work/working/bmetrics/GCA_012027475.1/run_enterobacterales_odb10/hmmer_output/19761at91347.out --cpu 1 /home/jovyan/work/working/bmetrics/db/lineages/enterobacterales_odb10/hmms/19761at91347.hmm /home/jovyan/work/working/proteomes/GCA_012027475.1.faa
2024-01-07 16:33:54 DEBUG:busco.busco_tools.Toolset	cmd call: hmmsearch --domtblout /home/jovyan/work/working/bmetrics/GCA_012027475.1/run_enterobacterales_odb10/hmmer_output/13022at91347.out --cpu 1 /home/jovyan/work/working/bmetrics/db/lineages/enterobacterales_odb10/hmms/13022at91347.hmm /home/jovyan/work/working/proteomes/GCA_012027475.1.faa
2024-01-07 16:33:54 DEBUG:busco.busco_tools.Toolset	cmd call: hmmsearch --domtblout /home/jovyan/work/working/bmetrics/GCA_012027475.1/run_enterobacterales_odb10/hmmer_output/24492at91347.out --cpu 1 /home/jovyan/work/working/bmetrics/db/lineages/enterobacterales_odb10/hmms/24492at91347.hmm /home/jovyan/work/working/proteomes/GCA_012027475.1.faa
2024-01-07 16:33:54 DEBUG:busco.busco_tools.Toolset	cmd call: hmmsearch --domtblout /home/jovyan/work/working/bmetrics/GCA_012027475.1/run_enterobacterales_odb10/hmmer_output/30417at91347.out --cpu 1 /home/jovyan/work/working/bmetrics/db/lineages/enterobacterales_odb10/hmms/30417at91347.hmm /home/jovyan/work/working/proteomes/GCA_012027475.1.faa
2024-01-07 16:33:54 DEBUG:busco.busco_tools.Toolset	cmd call: hmmsearch --domtblout /home/jovyan/work/working/bmetrics/GCA_012027475.1/run_enterobacterales_odb10/hmmer_output/11342at91347.out --cpu 1 /home/jovyan/work/working/bmetrics/db/lineages/enterobacterales_odb10/hmms/11342at91347.hmm /home/jovyan/work/working/proteomes/GCA_012027475.1.faa
2024-01-07 16:33:54 DEBUG:busco.busco_tools.Toolset	cmd call: hmmsearch --domtblout /home/jovyan/work/working/bmetrics/GCA_012027475.1/run_enterobacterales_odb10/hmmer_output/17649at91347.out --cpu 1 /home/jovyan/work/working/bmetrics/db/lineages/enterobacterales_odb10/hmms/17649at91347.hmm /home/jovyan/work/working/proteomes/GCA_012027475.1.faa
2024-01-07 16:33:54 DEBUG:busco.busco_tools.Toolset	cmd call: hmmsearch --domtblout /home/jovyan/work/working/bmetrics/GCA_012027475.1/run_enterobacterales_odb10/hmmer_output/35539at91347.out --cpu 1 /home/jovyan/work/working/bmetrics/db/lineages/enterobacterales_odb10/hmms/35539at91347.hmm /home/jovyan/work/working/proteomes/GCA_012027475.1.faa
2024-01-07 16:33:54 DEBUG:busco.busco_tools.Toolset	cmd call: hmmsearch --domtblout /home/jovyan/work/working/bmetrics/GCA_012027475.1/run_enterobacterales_odb10/hmmer_output/29509at91347.out --cpu 1 /home/jovyan/work/working/bmetrics/db/lineages/enterobacterales_odb10/hmms/29509at91347.hmm /home/jovyan/work/working/proteomes/GCA_012027475.1.faa
2024-01-07 16:33:54 DEBUG:busco.busco_tools.Toolset	cmd call: hmmsearch --domtblout /home/jovyan/work/working/bmetrics/GCA_012027475.1/run_enterobacterales_odb10/hmmer_output/21870at91347.out --cpu 1 /home/jovyan/work/working/bmetrics/db/lineages/enterobacterales_odb10/hmms/21870at91347.hmm /home/jovyan/work/working/proteomes/GCA_012027475.1.faa
2024-01-07 16:33:54 DEBUG:busco.busco_tools.Toolset	cmd call: hmmsearch --domtblout /home/jovyan/work/working/bmetrics/GCA_012027475.1/run_enterobacterales_odb10/hmmer_output/14646at91347.out --cpu 1 /home/jovyan/work/working/bmetrics/db/lineages/enterobacterales_odb10/hmms/14646at91347.hmm /home/jovyan/work/working/proteomes/GCA_012027475.1.faa
2024-01-07 16:33:54 DEBUG:busco.busco_tools.Toolset	cmd call: hmmsearch --domtblout /home/jovyan/work/working/bmetrics/GCA_012027475.1/run_enterobacterales_odb10/hmmer_output/26874at91347.out --cpu 1 /home/jovyan/work/working/bmetrics/db/lineages/enterobacterales_odb10/hmms/26874at91347.hmm /home/jovyan/work/working/proteomes/GCA_012027475.1.faa
2024-01-07 16:33:54 DEBUG:busco.busco_tools.Toolset	cmd call: hmmsearch --domtblout /home/jovyan/work/working/bmetrics/GCA_012027475.1/run_enterobacterales_odb10/hmmer_output/13051at91347.out --cpu 1 /home/jovyan/work/working/bmetrics/db/lineages/enterobacterales_odb10/hmms/13051at91347.hmm /home/jovyan/work/working/proteomes/GCA_012027475.1.faa
2024-01-07 16:33:54 DEBUG:busco.busco_tools.Toolset	cmd call: hmmsearch --domtblout /home/jovyan/work/working/bmetrics/GCA_012027475.1/run_enterobacterales_odb10/hmmer_output/33224at91347.out --cpu 1 /home/jovyan/work/working/bmetrics/db/lineages/enterobacterales_odb10/hmms/33224at91347.hmm /home/jovyan/work/working/proteomes/GCA_012027475.1.faa
2024-01-07 16:33:54 DEBUG:busco.busco_tools.Toolset	cmd call: hmmsearch --domtblout /home/jovyan/work/working/bmetrics/GCA_012027475.1/run_enterobacterales_odb10/hmmer_output/31561at91347.out --cpu 1 /home/jovyan/work/working/bmetrics/db/lineages/enterobacterales_odb10/hmms/31561at91347.hmm /home/jovyan/work/working/proteomes/GCA_012027475.1.faa
2024-01-07 16:33:54 DEBUG:busco.busco_tools.Toolset	cmd call: hmmsearch --domtblout /home/jovyan/work/working/bmetrics/GCA_012027475.1/run_enterobacterales_odb10/hmmer_output/19149at91347.out --cpu 1 /home/jovyan/work/working/bmetrics/db/lineages/enterobacterales_odb10/hmms/19149at91347.hmm /home/jovyan/work/working/proteomes/GCA_012027475.1.faa
2024-01-07 16:33:54 DEBUG:busco.busco_tools.Toolset	cmd call: hmmsearch --domtblout /home/jovyan/work/working/bmetrics/GCA_012027475.1/run_enterobacterales_odb10/hmmer_output/35630at91347.out --cpu 1 /home/jovyan/work/working/bmetrics/db/lineages/enterobacterales_odb10/hmms/35630at91347.hmm /home/jovyan/work/working/proteomes/GCA_012027475.1.faa
2024-01-07 16:33:54 DEBUG:busco.busco_tools.Toolset	cmd call: hmmsearch --domtblout /home/jovyan/work/working/bmetrics/GCA_012027475.1/run_enterobacterales_odb10/hmmer_output/23148at91347.out --cpu 1 /home/jovyan/work/working/bmetrics/db/lineages/enterobacterales_odb10/hmms/23148at91347.hmm /home/jovyan/work/working/proteomes/GCA_012027475.1.faa
2024-01-07 16:33:54 DEBUG:busco.busco_tools.Toolset	cmd call: hmmsearch --domtblout /home/jovyan/work/working/bmetrics/GCA_012027475.1/run_enterobacterales_odb10/hmmer_output/19976at91347.out --cpu 1 /home/jovyan/work/working/bmetrics/db/lineages/enterobacterales_odb10/hmms/19976at91347.hmm /home/jovyan/work/working/proteomes/GCA_012027475.1.faa
2024-01-07 16:33:54 DEBUG:busco.busco_tools.Toolset	cmd call: hmmsearch --domtblout /home/jovyan/work/working/bmetrics/GCA_012027475.1/run_enterobacterales_odb10/hmmer_output/17778at91347.out --cpu 1 /home/jovyan/work/working/bmetrics/db/lineages/enterobacterales_odb10/hmms/17778at91347.hmm /home/jovyan/work/working/proteomes/GCA_012027475.1.faa
2024-01-07 16:33:54 DEBUG:busco.busco_tools.Toolset	cmd call: hmmsearch --domtblout /home/jovyan/work/working/bmetrics/GCA_012027475.1/run_enterobacterales_odb10/hmmer_output/26959at91347.out --cpu 1 /home/jovyan/work/working/bmetrics/db/lineages/enterobacterales_odb10/hmms/26959at91347.hmm /home/jovyan/work/working/proteomes/GCA_012027475.1.faa
2024-01-07 16:33:54 DEBUG:busco.busco_tools.Toolset	cmd call: hmmsearch --domtblout /home/jovyan/work/working/bmetrics/GCA_012027475.1/run_enterobacterales_odb10/hmmer_output/21912at91347.out --cpu 1 /home/jovyan/work/working/bmetrics/db/lineages/enterobacterales_odb10/hmms/21912at91347.hmm /home/jovyan/work/working/proteomes/GCA_012027475.1.faa
2024-01-07 16:33:54 DEBUG:busco.busco_tools.Toolset	cmd call: hmmsearch --domtblout /home/jovyan/work/working/bmetrics/GCA_012027475.1/run_enterobacterales_odb10/hmmer_output/25024at91347.out --cpu 1 /home/jovyan/work/working/bmetrics/db/lineages/enterobacterales_odb10/hmms/25024at91347.hmm /home/jovyan/work/working/proteomes/GCA_012027475.1.faa
2024-01-07 16:33:54 DEBUG:busco.busco_tools.Toolset	cmd call: hmmsearch --domtblout /home/jovyan/work/working/bmetrics/GCA_012027475.1/run_enterobacterales_odb10/hmmer_output/13068at91347.out --cpu 1 /home/jovyan/work/working/bmetrics/db/lineages/enterobacterales_odb10/hmms/13068at91347.hmm /home/jovyan/work/working/proteomes/GCA_012027475.1.faa
2024-01-07 16:33:54 DEBUG:busco.busco_tools.Toolset	cmd call: hmmsearch --domtblout /home/jovyan/work/working/bmetrics/GCA_012027475.1/run_enterobacterales_odb10/hmmer_output/29648at91347.out --cpu 1 /home/jovyan/work/working/bmetrics/db/lineages/enterobacterales_odb10/hmms/29648at91347.hmm /home/jovyan/work/working/proteomes/GCA_012027475.1.faa
2024-01-07 16:33:54 DEBUG:busco.busco_tools.Toolset	cmd call: hmmsearch --domtblout /home/jovyan/work/working/bmetrics/GCA_012027475.1/run_enterobacterales_odb10/hmmer_output/33442at91347.out --cpu 1 /home/jovyan/work/working/bmetrics/db/lineages/enterobacterales_odb10/hmms/33442at91347.hmm /home/jovyan/work/working/proteomes/GCA_012027475.1.faa
2024-01-07 16:33:54 DEBUG:busco.busco_tools.Toolset	cmd call: hmmsearch --domtblout /home/jovyan/work/working/bmetrics/GCA_012027475.1/run_enterobacterales_odb10/hmmer_output/15307at91347.out --cpu 1 /home/jovyan/work/working/bmetrics/db/lineages/enterobacterales_odb10/hmms/15307at91347.hmm /home/jovyan/work/working/proteomes/GCA_012027475.1.faa
2024-01-07 16:33:54 DEBUG:busco.busco_tools.Toolset	cmd call: hmmsearch --domtblout /home/jovyan/work/working/bmetrics/GCA_012027475.1/run_enterobacterales_odb10/hmmer_output/19201at91347.out --cpu 1 /home/jovyan/work/working/bmetrics/db/lineages/enterobacterales_odb10/hmms/19201at91347.hmm /home/jovyan/work/working/proteomes/GCA_012027475.1.faa
2024-01-07 16:33:54 DEBUG:busco.busco_tools.Toolset	cmd call: hmmsearch --domtblout /home/jovyan/work/working/bmetrics/GCA_012027475.1/run_enterobacterales_odb10/hmmer_output/35760at91347.out --cpu 1 /home/jovyan/work/working/bmetrics/db/lineages/enterobacterales_odb10/hmms/35760at91347.hmm /home/jovyan/work/working/proteomes/GCA_012027475.1.faa
2024-01-07 16:33:54 INFO:busco.busco_tools.Toolset	[hmmsearch]	44 of 440 task(s) completed
2024-01-07 16:33:54 DEBUG:busco.busco_tools.Toolset	cmd call: hmmsearch --domtblout /home/jovyan/work/working/bmetrics/GCA_012027475.1/run_enterobacterales_odb10/hmmer_output/11564at91347.out --cpu 1 /home/jovyan/work/working/bmetrics/db/lineages/enterobacterales_odb10/hmms/11564at91347.hmm /home/jovyan/work/working/proteomes/GCA_012027475.1.faa
2024-01-07 16:33:54 DEBUG:busco.busco_tools.Toolset	cmd call: hmmsearch --domtblout /home/jovyan/work/working/bmetrics/GCA_012027475.1/run_enterobacterales_odb10/hmmer_output/30806at91347.out --cpu 1 /home/jovyan/work/working/bmetrics/db/lineages/enterobacterales_odb10/hmms/30806at91347.hmm /home/jovyan/work/working/proteomes/GCA_012027475.1.faa
